-------------------------------------------------------------------------------
Test set: com.coyotai.education.security.ApiSecurityContractTest
-------------------------------------------------------------------------------
Tests run: 4, Failures: 2, Errors: 0, Skipped: 0, Time elapsed: 0.331 s <<< FAILURE! -- in com.coyotai.education.security.ApiSecurityContractTest
com.coyotai.education.security.ApiSecurityContractTest.everyEndpointIsProtected -- Time elapsed: 0.216 s <<< FAILURE!
java.lang.AssertionError: 
[endpoints without @PreAuthorize] 
Expecting empty but was: ["ExcelImportController.save",
    "ExcelImportController.preview",
    "ExcelImportController.template"]
	at com.coyotai.education.security.ApiSecurityContractTest.everyEndpointIsProtected(ApiSecurityContractTest.java:55)
	at java.base/java.lang.reflect.Method.invoke(Method.java:580)
	at java.base/java.util.ArrayList.forEach(ArrayList.java:1596)
	at java.base/java.util.ArrayList.forEach(ArrayList.java:1596)

com.coyotai.education.security.ApiSecurityContractTest.controllersBelongToModules -- Time elapsed: 0.049 s <<< FAILURE!
java.lang.AssertionError: 
[controllers without @RequiresModule] 
Expecting empty but was: ["ExcelImportController"]
	at com.coyotai.education.security.ApiSecurityContractTest.controllersBelongToModules(ApiSecurityContractTest.java:93)
	at java.base/java.lang.reflect.Method.invoke(Method.java:580)
	at java.base/java.util.ArrayList.forEach(ArrayList.java:1596)
	at java.base/java.util.ArrayList.forEach(ArrayList.java:1596)

