<?xml version="1.0" encoding="UTF-8"?>
<testsuite xmlns:xsi="http://www.w3.org/2001/XMLSchema-instance" xsi:noNamespaceSchemaLocation="https://maven.apache.org/surefire/maven-surefire-plugin/xsd/surefire-test-report-3.0.xsd" version="3.0" name="com.coyotai.education.academic.AcademicWorkflowIT" time="0.014" tests="7" errors="0" skipped="7" failures="0">
  <properties/>
  <testcase name="tenantIsolation" classname="com.coyotai.education.academic.AcademicWorkflowIT" time="0.0">
    <skipped message="No MySQL for integration tests: set IT_DB_URL (and IT_DB_USERNAME / IT_DB_PASSWORD) or start Docker for Testcontainers"/>
    <system-out><![CDATA[21:41:10.470 [main] INFO org.testcontainers.dockerclient.DockerMachineClientProviderStrategy -- docker-machine executable was not found on PATH ([C:\Users\jamsh\.cache\codex-runtimes\codex-primary-runtime\dependencies\native\powershell, C:\Users\jamsh\.codex\tmp\arg0\codex-arg0ySr8ct, C:\Users\jamsh\.cache\codex-runtimes\codex-primary-runtime\dependencies\native\libheif\libheif\bin, C:\Users\jamsh\.cache\codex-runtimes\codex-primary-runtime\dependencies\native\jxrlib\jxrlib\bin, C:\Users\jamsh\.cache\codex-runtimes\codex-primary-runtime\dependencies\native\poppler\Library\bin, C:\Users\jamsh\.cache\codex-runtimes\codex-primary-runtime\dependencies\bin\override, C:\windows\system32, C:\windows, C:\windows\System32\Wbem, C:\windows\System32\WindowsPowerShell\v1.0\, C:\windows\System32\OpenSSH\, C:\Program Files (x86)\NVIDIA Corporation\PhysX\Common, C:\Program Files\NVIDIA Corporation\NVIDIA App\NvDLISR, C:\Users\jamsh\.cache\codex-runtimes\codex-primary-runtime\dependencies\native\powershell, C:\Users\Administrator\AppData\Local\Microsoft\WindowsApps, C:\Program Files\HP\OMEN-Broadcast\Common, C:\Program Files\Git\cmd, C:\Program Files\flutter\bin, C:\Users\jamsh\AppData\Local\Android\Sdk\cmdline-tools\latest\bin, C:\Program Files\Android\Android Studio\bin, C:\Program Files\dotnet\, C:\Program Files (x86)\Windows Kits\10\Windows Performance Toolkit\, C:\Program Files\Java\JAVA-21\bin, C:\Program Files\Git\bin, C:\Program Files\nodejs\, C:\Program Files\maven\bin, D:\Software\mysql-8.4.6-winx64\bin, C:\Program Files\MySQL\MySQL Shell 8.0\bin\, C:\Users\jamsh\AppData\Local\Microsoft\WindowsApps, C:\Users\jamsh\AppData\Local\Programs\Microsoft VS Code\bin, C:\Users\jamsh\AppData\Local\Programs\cursor\resources\app\bin, C:\Users\jamsh\.dotnet\tools, C:\Users\jamsh\AppData\Roaming\npm, C:\Users\jamsh\AppData\Local\Programs\DockerDesktop\resources\bin, C:\Users\jamsh\.cache\codex-runtimes\codex-primary-runtime\dependencies\bin\fallback, C:\Users\jamsh\.cache\codex-runtimes\codex-primary-runtime\dependencies\node\bin, C:\Users\jamsh\.cache\codex-runtimes\codex-primary-runtime\dependencies\native\git\cmd, C:\Users\jamsh\AppData\Local\OpenAI\Codex\bin\681770561a4656a5, C:\Users\jamsh\AppData\Local\OpenAI\Codex\bin\d375f7df50d3b421])
21:41:10.481 [main] ERROR org.testcontainers.dockerclient.DockerClientProviderStrategy -- Could not find a valid Docker environment. Please check configuration. Attempted configurations were:
	NpipeSocketClientProviderStrategy: failed with exception BadRequestException (Status 400: {"ID":"","Containers":0,"ContainersRunning":0,"ContainersPaused":0,"ContainersStopped":0,"Images":0,"Driver":"","DriverStatus":null,"Plugins":{"Volume":null,"Network":null,"Authorization":null,"Log":null},"MemoryLimit":false,"SwapLimit":false,"CpuCfsPeriod":false,"CpuCfsQuota":false,"CPUShares":false,"CPUSet":false,"PidsLimit":false,"IPv4Forwarding":false,"Debug":false,"NFd":0,"OomKillDisable":false,"NGoroutines":0,"SystemTime":"","LoggingDriver":"","CgroupDriver":"","NEventsListener":0,"KernelVersion":"","OperatingSystem":"","OSVersion":"","OSType":"","Architecture":"","IndexServerAddress":"","RegistryConfig":null,"NCPU":0,"MemTotal":0,"GenericResources":null,"DockerRootDir":"","HttpProxy":"","HttpsProxy":"","NoProxy":"","Name":"","Labels":["com.docker.desktop.address=npipe://\\\\.\\pipe\\docker_cli"],"ExperimentalBuild":false,"ServerVersion":"","Runtimes":null,"DefaultRuntime":"","Swarm":{"NodeID":"","NodeAddr":"","LocalNodeState":"","ControlAvailable":false,"Error":"","RemoteManagers":null},"LiveRestoreEnabled":false,"Isolation":"","InitBinary":"","ContainerdCommit":{"ID":""},"RuncCommit":{"ID":""},"InitCommit":{"ID":""},"SecurityOptions":null,"CDISpecDirs":null,"Warnings":null})As no valid configuration was found, execution cannot continue.
See https://java.testcontainers.org/on_failure.html for more details.
]]></system-out>
  </testcase>
  <testcase name="requiredMessageWins" classname="com.coyotai.education.academic.AcademicWorkflowIT" time="0.0">
    <skipped message="No MySQL for integration tests: set IT_DB_URL (and IT_DB_USERNAME / IT_DB_PASSWORD) or start Docker for Testcontainers"/>
  </testcase>
  <testcase name="publicationWorkflow" classname="com.coyotai.education.academic.AcademicWorkflowIT" time="0.0">
    <skipped message="No MySQL for integration tests: set IT_DB_URL (and IT_DB_USERNAME / IT_DB_PASSWORD) or start Docker for Testcontainers"/>
  </testcase>
  <testcase name="transferAndStudentLogin" classname="com.coyotai.education.academic.AcademicWorkflowIT" time="0.0">
    <skipped message="No MySQL for integration tests: set IT_DB_URL (and IT_DB_USERNAME / IT_DB_PASSWORD) or start Docker for Testcontainers"/>
  </testcase>
  <testcase name="scheduleConflicts" classname="com.coyotai.education.academic.AcademicWorkflowIT" time="0.0">
    <skipped message="No MySQL for integration tests: set IT_DB_URL (and IT_DB_USERNAME / IT_DB_PASSWORD) or start Docker for Testcontainers"/>
  </testcase>
  <testcase name="payments" classname="com.coyotai.education.academic.AcademicWorkflowIT" time="0.0">
    <skipped message="No MySQL for integration tests: set IT_DB_URL (and IT_DB_USERNAME / IT_DB_PASSWORD) or start Docker for Testcontainers"/>
  </testcase>
  <testcase name="attendance" classname="com.coyotai.education.academic.AcademicWorkflowIT" time="0.0">
    <skipped message="No MySQL for integration tests: set IT_DB_URL (and IT_DB_USERNAME / IT_DB_PASSWORD) or start Docker for Testcontainers"/>
  </testcase>
</testsuite>